New log file opened at Tue Aug 25 18:24:38 CLT 2015 by 5420@zrismart
Taking next connection to: 57385
New client attempting to connect on port: 57386-57385
  Address = /192.168.56.1:57385
This client on port 57386 has uuid 5b8728cb-3c56-4850-9954-136dfc2f616a configName play-fork-run humanReadableName Play Fork Run protocolVersion 1 featureTags Vector()
Connected Clients: play-fork-run-5b8728cb-3c56-4850-9954-136dfc2f616a
Taking next connection to: 57385
Checking to see if clients are empty...
We have 1 non-daemon clients, continuing serving connections.
Taking next connection to: 57385
Checking to see if clients are empty...
We have 1 non-daemon clients, continuing serving connections.
Taking next connection to: 57385
Checking to see if clients are empty...
We have 1 non-daemon clients, continuing serving connections.
Taking next connection to: 57385
Checking to see if clients are empty...
We have 1 non-daemon clients, continuing serving connections.
Taking next connection to: 57385
Checking to see if clients are empty...
We have 1 non-daemon clients, continuing serving connections.
Taking next connection to: 57385
Checking to see if clients are empty...
We have 1 non-daemon clients, continuing serving connections.
Taking next connection to: 57385
Checking to see if clients are empty...
We have 1 non-daemon clients, continuing serving connections.
Taking next connection to: 57385
