#
# A fatal error has been detected by the Java Runtime Environment:
#
#  EXCEPTION_ACCESS_VIOLATION (0xc0000005) at pc=0x000000005f924945, pid=9104, tid=8008
#
# JRE version: Java(TM) SE Runtime Environment (7.0_76-b13) (build 1.7.0_76-b13)
# Java VM: Java HotSpot(TM) 64-Bit Server VM (24.76-b04 mixed mode windows-amd64 compressed oops)
# Problematic frame:
# V  [jvm.dll+0x34945]
#
# Failed to write core dump. Minidumps are not enabled by default on client versions of Windows
#
# If you would like to submit a bug report, please visit:
#   http://bugreport.java.com/bugreport/crash.jsp
#

---------------  T H R E A D  ---------------

Current thread (0x0000000008c46800):  JavaThread "C2 CompilerThread1" daemon [_thread_in_vm, id=8008, stack(0x000000000a120000,0x000000000a220000)]

siginfo: ExceptionCode=0xc0000005, reading address 0x0000000000004008

Registers:
RAX=0x0000000000000001, RBX=0x0000000000004000, RCX=0x0000000000000000, RDX=0x0000000000004000
RSP=0x000000000a21d840, RBP=0x0000000000000000, RSI=0x0000000000000000, RDI=0x000000000f65e830
R8 =0x0000000000000000, R9 =0x0000000000000000, R10=0x000000000f65ea60, R11=0x000000000e96cae0
R12=0x0000000000000000, R13=0x000000000f65e830, R14=0x00000000000002f7, R15=0x000000000ed71ad0
RIP=0x000000005f924945, EFLAGS=0x0000000000010202

Top of Stack: (sp=0x000000000a21d840)
0x000000000a21d840:   000000000fae6570 000000000dc8c7a0
0x000000000a21d850:   0000000000000000 000000000dc8c7a0
0x000000000a21d860:   0000000000000000 000000005f9255c7
0x000000000a21d870:   0000000000004000 000000005fd8c066
0x000000000a21d880:   0000000044b08000 0000000000000000
0x000000000a21d890:   00000000fffffffc 000000000dc8c7a0
0x000000000a21d8a0:   0000000000004000 000000005f91d2b5
0x000000000a21d8b0:   0000000008c46800 0000000000000000
0x000000000a21d8c0:   0000000008c46800 000000000dc8c7a0
0x000000000a21d8d0:   000000000a21d970 000000005fd81faa
0x000000000a21d8e0:   000000000a21eab0 0000000000000000
0x000000000a21d8f0:   000000000a75fdb0 000000005fdab89b
0x000000000a21d900:   000000000e113bb0 000000000eae94a0
0x000000000a21d910:   0000000044cbc000 0000000000000000
0x000000000a21d920:   000000000ed71ad0 00000000fffffffc
0x000000000a21d930:   000000000a75fdb0 000000000a21de00 

Instructions: (pc=0x000000005f924945)
0x000000005f924925:   bf 28 02 00 00 00 74 52 0f b6 05 94 27 72 00 8b
0x000000005f924935:   0d 7e 2f 6c 00 4c 8b 05 6f 2f 6c 00 84 c0 74 0b
0x000000005f924945:   8b 53 08 48 d3 e2 49 03 d0 eb 04 48 8b 53 08 83
0x000000005f924955:   7a 18 00 7e 37 84 c0 74 0b 8b 53 08 48 d3 e2 49 


Register to memory mapping:

RAX=0x0000000000000001 is an unknown value
RBX=0x0000000000004000 is an unknown value
RCX=0x0000000000000000 is an unknown value
RDX=0x0000000000004000 is an unknown value
RSP=0x000000000a21d840 is pointing into the stack for thread: 0x0000000008c46800
RBP=0x0000000000000000 is an unknown value
RSI=0x0000000000000000 is an unknown value
RDI=0x000000000f65e830 is an unknown value
R8 =0x0000000000000000 is an unknown value
R9 =0x0000000000000000 is an unknown value
R10=0x000000000f65ea60 is an unknown value
R11=0x000000000e96cae0 is an unknown value
R12=0x0000000000000000 is an unknown value
R13=0x000000000f65e830 is an unknown value
R14=0x00000000000002f7 is an unknown value
R15=0x000000000ed71ad0 is an unknown value


Stack: [0x000000000a120000,0x000000000a220000],  sp=0x000000000a21d840,  free space=1014k
Native frames: (J=compiled Java code, j=interpreted, Vv=VM code, C=native code)
V  [jvm.dll+0x34945]

[error occurred during error reporting (printing native stack), id 0xc0000005]


Current CompileTask:
C2: 341001 9962             scala.tools.nsc.backend.jvm.GenASM$JPlainBuilder::genClass (1049 bytes)


---------------  P R O C E S S  ---------------

Java Threads: ( => current thread )
  0x000000000cf68000 JavaThread "ForkJoinPool-3-worker-5" daemon [_thread_blocked, id=9180, stack(0x000000000d2b0000,0x000000000d3b0000)]
  0x000000000cf6b000 JavaThread "pool-7-thread-5" [_thread_in_native, id=2084, stack(0x000000000d940000,0x000000000da40000)]
  0x000000000cf67000 JavaThread "sbt-web-akka.actor.default-dispatcher-3" [_thread_blocked, id=6352, stack(0x0000000010f50000,0x0000000011050000)]
  0x000000000f218800 JavaThread "sbt-web-scheduler-1" [_thread_blocked, id=6048, stack(0x0000000010cf0000,0x0000000010df0000)]
  0x000000000b025000 JavaThread "sbt-server-command-loop" [_thread_blocked, id=8808, stack(0x000000000c1a0000,0x000000000c2a0000)]
  0x000000000b231800 JavaThread "Timer-0" daemon [_thread_blocked, id=3028, stack(0x000000000b800000,0x000000000b900000)]
  0x0000000008c50800 JavaThread "Service Thread" daemon [_thread_blocked, id=8720, stack(0x000000000a480000,0x000000000a580000)]
=>0x0000000008c46800 JavaThread "C2 CompilerThread1" daemon [_thread_in_vm, id=8008, stack(0x000000000a120000,0x000000000a220000)]
  0x0000000008c41000 JavaThread "C2 CompilerThread0" daemon [_thread_in_native, id=8252, stack(0x0000000009c00000,0x0000000009d00000)]
  0x0000000008c3e800 JavaThread "Attach Listener" daemon [_thread_blocked, id=8228, stack(0x000000000a220000,0x000000000a320000)]
  0x0000000008c39000 JavaThread "Signal Dispatcher" daemon [_thread_blocked, id=6396, stack(0x0000000009fd0000,0x000000000a0d0000)]
  0x0000000008be8000 JavaThread "Finalizer" daemon [_thread_blocked, id=2252, stack(0x0000000009e60000,0x0000000009f60000)]
  0x0000000008be1000 JavaThread "Reference Handler" daemon [_thread_blocked, id=8900, stack(0x0000000009d00000,0x0000000009e00000)]
  0x0000000001cfe800 JavaThread "main" [_thread_blocked, id=7008, stack(0x0000000002390000,0x0000000002490000)]

Other Threads:
  0x0000000008bdb800 VMThread [stack: 0x0000000009b00000,0x0000000009c00000] [id=8940]
  0x0000000008c5a000 WatcherThread [stack: 0x000000000a5f0000,0x000000000a6f0000] [id=2156]

VM state:not at safepoint (normal execution)

VM Mutex/Monitor currently owned by a thread: None

Heap
 PSYoungGen      total 279040K, used 209691K [0x00000000eaa80000, 0x00000000ffc00000, 0x0000000100000000)
  eden space 216576K, 94% used [0x00000000eaa80000,0x00000000f7256e48,0x00000000f7e00000)
  from space 62464K, 8% used [0x00000000fbf00000,0x00000000fc3f0130,0x00000000ffc00000)
  to   space 64512K, 0% used [0x00000000f7e00000,0x00000000f7e00000,0x00000000fbd00000)
 ParOldGen       total 685568K, used 444070K [0x00000000c0000000, 0x00000000e9d80000, 0x00000000eaa80000)
  object space 685568K, 64% used [0x00000000c0000000,0x00000000db1a9a30,0x00000000e9d80000)
 PSPermGen       total 147456K, used 81167K [0x00000000b0000000, 0x00000000b9000000, 0x00000000c0000000)
  object space 147456K, 55% used [0x00000000b0000000,0x00000000b4f43d30,0x00000000b9000000)

Card table byte_map: [0x0000000005490000,0x0000000005720000] byte_map_base: 0x0000000004f10000

Polling page: 0x0000000000330000

Code Cache  [0x0000000002490000, 0x0000000003e50000, 0x0000000005490000)
 total_blobs=8904 nmethods=8476 adapters=373 free_code_cache=23078Kb largest_free_block=23352256

Compilation events (10 events):
Event: 340.802 Thread 0x0000000008c46800 9958   !         scala.tools.nsc.backend.jvm.GenASM$JCommonBuilder::getGenericSignature (548 bytes)
Event: 340.802 Thread 0x0000000008c41000 9959             scala.tools.nsc.backend.jvm.GenASM$JCommonBuilder::needsGenericSignature (64 bytes)
Event: 340.819 Thread 0x0000000008c41000 nmethod 9959 0x0000000003d3fc10 code [0x0000000003d3fe00, 0x0000000003d406d8]
Event: 340.828 Thread 0x0000000008c41000 9960             scala.tools.nsc.backend.jvm.GenASM$JBuilder::collectInnerClass$1 (140 bytes)
Event: 340.841 Thread 0x0000000008c41000 nmethod 9960 0x0000000003e19290 code [0x0000000003e194a0, 0x0000000003e19980]
Event: 340.843 Thread 0x0000000008c41000 9961             scala.Function0$mcI$sp$class::$init$ (1 bytes)
Event: 340.844 Thread 0x0000000008c41000 nmethod 9961 0x0000000002c85f10 code [0x0000000002c86040, 0x0000000002c86078]
Event: 340.848 Thread 0x0000000008c46800 nmethod 9958 0x0000000003e46e10 code [0x0000000003e470e0, 0x0000000003e48330]
Event: 340.880 Thread 0x0000000008c46800 9962             scala.tools.nsc.backend.jvm.GenASM$JPlainBuilder::genClass (1049 bytes)
Event: 340.896 Thread 0x0000000008c41000 9963             scala.tools.nsc.backend.jvm.GenASM$JBuilder::javaName (433 bytes)

GC Heap History (10 events):
Event: 321.431 GC heap before
{Heap before GC invocations=79 (full 4):
 PSYoungGen      total 254464K, used 254464K [0x00000000eaa80000, 0x0000000100000000, 0x0000000100000000)
  eden space 210432K, 100% used [0x00000000eaa80000,0x00000000f7800000,0x00000000f7800000)
  from space 44032K, 100% used [0x00000000fd500000,0x0000000100000000,0x0000000100000000)
  to   space 69632K, 0% used [0x00000000f7800000,0x00000000f7800000,0x00000000fbc00000)
 ParOldGen       total 528384K, used 441915K [0x00000000c0000000, 0x00000000e0400000, 0x00000000eaa80000)
  object space 528384K, 83% used [0x00000000c0000000,0x00000000daf8eef0,0x00000000e0400000)
 PSPermGen       total 150528K, used 80639K [0x00000000b0000000, 0x00000000b9300000, 0x00000000c0000000)
  object space 150528K, 53% used [0x00000000b0000000,0x00000000b4ebfda8,0x00000000b9300000)
Event: 321.548 GC heap after
Heap after GC invocations=79 (full 4):
 PSYoungGen      total 280064K, used 7456K [0x00000000eaa80000, 0x0000000100000000, 0x0000000100000000)
  eden space 210432K, 0% used [0x00000000eaa80000,0x00000000eaa80000,0x00000000f7800000)
  from space 69632K, 10% used [0x00000000f7800000,0x00000000f7f48010,0x00000000fbc00000)
  to   space 68096K, 0% used [0x00000000fbd80000,0x00000000fbd80000,0x0000000100000000)
 ParOldGen       total 528384K, used 486051K [0x00000000c0000000, 0x00000000e0400000, 0x00000000eaa80000)
  object space 528384K, 91% used [0x00000000c0000000,0x00000000ddaa8ef0,0x00000000e0400000)
 PSPermGen       total 150528K, used 80639K [0x00000000b0000000, 0x00000000b9300000, 0x00000000c0000000)
  object space 150528K, 53% used [0x00000000b0000000,0x00000000b4ebfda8,0x00000000b9300000)
}
Event: 321.548 GC heap before
{Heap before GC invocations=80 (full 5):
 PSYoungGen      total 280064K, used 7456K [0x00000000eaa80000, 0x0000000100000000, 0x0000000100000000)
  eden space 210432K, 0% used [0x00000000eaa80000,0x00000000eaa80000,0x00000000f7800000)
  from space 69632K, 10% used [0x00000000f7800000,0x00000000f7f48010,0x00000000fbc00000)
  to   space 68096K, 0% used [0x00000000fbd80000,0x00000000fbd80000,0x0000000100000000)
 ParOldGen       total 528384K, used 486051K [0x00000000c0000000, 0x00000000e0400000, 0x00000000eaa80000)
  object space 528384K, 91% used [0x00000000c0000000,0x00000000ddaa8ef0,0x00000000e0400000)
 PSPermGen       total 150528K, used 80639K [0x00000000b0000000, 0x00000000b9300000, 0x00000000c0000000)
  object space 150528K, 53% used [0x00000000b0000000,0x00000000b4ebfda8,0x00000000b9300000)
Event: 324.623 GC heap after
Heap after GC invocations=80 (full 5):
 PSYoungGen      total 280064K, used 0K [0x00000000eaa80000, 0x0000000100000000, 0x0000000100000000)
  eden space 210432K, 0% used [0x00000000eaa80000,0x00000000eaa80000,0x00000000f7800000)
  from space 69632K, 0% used [0x00000000f7800000,0x00000000f7800000,0x00000000fbc00000)
  to   space 68096K, 0% used [0x00000000fbd80000,0x00000000fbd80000,0x0000000100000000)
 ParOldGen       total 685568K, used 412510K [0x00000000c0000000, 0x00000000e9d80000, 0x00000000eaa80000)
  object space 685568K, 60% used [0x00000000c0000000,0x00000000d92d78e8,0x00000000e9d80000)
 PSPermGen       total 147456K, used 80634K [0x00000000b0000000, 0x00000000b9000000, 0x00000000c0000000)
  object space 147456K, 54% used [0x00000000b0000000,0x00000000b4ebea08,0x00000000b9000000)
}
Event: 325.845 GC heap before
{Heap before GC invocations=81 (full 5):
 PSYoungGen      total 280064K, used 210432K [0x00000000eaa80000, 0x0000000100000000, 0x0000000100000000)
  eden space 210432K, 100% used [0x00000000eaa80000,0x00000000f7800000,0x00000000f7800000)
  from space 69632K, 0% used [0x00000000f7800000,0x00000000f7800000,0x00000000fbc00000)
  to   space 68096K, 0% used [0x00000000fbd80000,0x00000000fbd80000,0x0000000100000000)
 ParOldGen       total 685568K, used 412510K [0x00000000c0000000, 0x00000000e9d80000, 0x00000000eaa80000)
  object space 685568K, 60% used [0x00000000c0000000,0x00000000d92d78e8,0x00000000e9d80000)
 PSPermGen       total 147456K, used 80673K [0x00000000b0000000, 0x00000000b9000000, 0x00000000c0000000)
  object space 147456K, 54% used [0x00000000b0000000,0x00000000b4ec87c0,0x00000000b9000000)
Event: 325.915 GC heap after
Heap after GC invocations=81 (full 5):
 PSYoungGen      total 275456K, used 31124K [0x00000000eaa80000, 0x00000000ffb80000, 0x0000000100000000)
  eden space 211968K, 0% used [0x00000000eaa80000,0x00000000eaa80000,0x00000000f7980000)
  from space 63488K, 49% used [0x00000000fbd80000,0x00000000fdbe5048,0x00000000ffb80000)
  to   space 66560K, 0% used [0x00000000f7980000,0x00000000f7980000,0x00000000fba80000)
 ParOldGen       total 685568K, used 412510K [0x00000000c0000000, 0x00000000e9d80000, 0x00000000eaa80000)
  object space 685568K, 60% used [0x00000000c0000000,0x00000000d92d78e8,0x00000000e9d80000)
 PSPermGen       total 147456K, used 80673K [0x00000000b0000000, 0x00000000b9000000, 0x00000000c0000000)
  object space 147456K, 54% used [0x00000000b0000000,0x00000000b4ec87c0,0x00000000b9000000)
}
Event: 327.080 GC heap before
{Heap before GC invocations=82 (full 5):
 PSYoungGen      total 275456K, used 243092K [0x00000000eaa80000, 0x00000000ffb80000, 0x0000000100000000)
  eden space 211968K, 100% used [0x00000000eaa80000,0x00000000f7980000,0x00000000f7980000)
  from space 63488K, 49% used [0x00000000fbd80000,0x00000000fdbe5048,0x00000000ffb80000)
  to   space 66560K, 0% used [0x00000000f7980000,0x00000000f7980000,0x00000000fba80000)
 ParOldGen       total 685568K, used 412510K [0x00000000c0000000, 0x00000000e9d80000, 0x00000000eaa80000)
  object space 685568K, 60% used [0x00000000c0000000,0x00000000d92d78e8,0x00000000e9d80000)
 PSPermGen       total 147456K, used 80723K [0x00000000b0000000, 0x00000000b9000000, 0x00000000c0000000)
  object space 147456K, 54% used [0x00000000b0000000,0x00000000b4ed4d10,0x00000000b9000000)
Event: 327.135 GC heap after
Heap after GC invocations=82 (full 5):
 PSYoungGen      total 278528K, used 704K [0x00000000eaa80000, 0x0000000100000000, 0x0000000100000000)
  eden space 211968K, 0% used [0x00000000eaa80000,0x00000000eaa80000,0x00000000f7980000)
  from space 66560K, 1% used [0x00000000f7980000,0x00000000f7a30010,0x00000000fba80000)
  to   space 66560K, 0% used [0x00000000fbf00000,0x00000000fbf00000,0x0000000100000000)
 ParOldGen       total 685568K, used 443694K [0x00000000c0000000, 0x00000000e9d80000, 0x00000000eaa80000)
  object space 685568K, 64% used [0x00000000c0000000,0x00000000db14ba20,0x00000000e9d80000)
 PSPermGen       total 147456K, used 80723K [0x00000000b0000000, 0x00000000b9000000, 0x00000000c0000000)
  object space 147456K, 54% used [0x00000000b0000000,0x00000000b4ed4d10,0x00000000b9000000)
}
Event: 329.370 GC heap before
{Heap before GC invocations=83 (full 5):
 PSYoungGen      total 278528K, used 212672K [0x00000000eaa80000, 0x0000000100000000, 0x0000000100000000)
  eden space 211968K, 100% used [0x00000000eaa80000,0x00000000f7980000,0x00000000f7980000)
  from space 66560K, 1% used [0x00000000f7980000,0x00000000f7a30010,0x00000000fba80000)
  to   space 66560K, 0% used [0x00000000fbf00000,0x00000000fbf00000,0x0000000100000000)
 ParOldGen       total 685568K, used 443694K [0x00000000c0000000, 0x00000000e9d80000, 0x00000000eaa80000)
  object space 685568K, 64% used [0x00000000c0000000,0x00000000db14ba20,0x00000000e9d80000)
 PSPermGen       total 147456K, used 81024K [0x00000000b0000000, 0x00000000b9000000, 0x00000000c0000000)
  object space 147456K, 54% used [0x00000000b0000000,0x00000000b4f20130,0x00000000b9000000)
Event: 329.381 GC heap after
Heap after GC invocations=83 (full 5):
 PSYoungGen      total 279040K, used 5056K [0x00000000eaa80000, 0x00000000ffc00000, 0x0000000100000000)
  eden space 216576K, 0% used [0x00000000eaa80000,0x00000000eaa80000,0x00000000f7e00000)
  from space 62464K, 8% used [0x00000000fbf00000,0x00000000fc3f0130,0x00000000ffc00000)
  to   space 64512K, 0% used [0x00000000f7e00000,0x00000000f7e00000,0x00000000fbd00000)
 ParOldGen       total 685568K, used 444070K [0x00000000c0000000, 0x00000000e9d80000, 0x00000000eaa80000)
  object space 685568K, 64% used [0x00000000c0000000,0x00000000db1a9a30,0x00000000e9d80000)
 PSPermGen       total 147456K, used 81024K [0x00000000b0000000, 0x00000000b9000000, 0x00000000c0000000)
  object space 147456K, 54% used [0x00000000b0000000,0x00000000b4f20130,0x00000000b9000000)
}

Deoptimization events (10 events):
Event: 340.776 Thread 0x000000000cf6b000 Uncommon trap: reason=class_check action=maybe_recompile pc=0x0000000003d51720 method=scala.tools.nsc.backend.jvm.GenASM$JBuilder.innerClassSymbolFor(Lscala/reflect/internal/Symbols$Symbol;)Lscala/reflect/internal/Symbols$Symbol; @ 19
Event: 340.785 Thread 0x000000000cf6b000 Uncommon trap: reason=class_check action=maybe_recompile pc=0x0000000003d51720 method=scala.tools.nsc.backend.jvm.GenASM$JBuilder.innerClassSymbolFor(Lscala/reflect/internal/Symbols$Symbol;)Lscala/reflect/internal/Symbols$Symbol; @ 19
Event: 340.785 Thread 0x000000000cf6b000 Uncommon trap: reason=class_check action=maybe_recompile pc=0x0000000003d51720 method=scala.tools.nsc.backend.jvm.GenASM$JBuilder.innerClassSymbolFor(Lscala/reflect/internal/Symbols$Symbol;)Lscala/reflect/internal/Symbols$Symbol; @ 19
Event: 340.786 Thread 0x000000000cf6b000 Uncommon trap: reason=class_check action=maybe_recompile pc=0x0000000003d51720 method=scala.tools.nsc.backend.jvm.GenASM$JBuilder.innerClassSymbolFor(Lscala/reflect/internal/Symbols$Symbol;)Lscala/reflect/internal/Symbols$Symbol; @ 19
Event: 340.799 Thread 0x000000000cf6b000 Uncommon trap: reason=bimorphic action=maybe_recompile pc=0x0000000003e35e50 method=scala.tools.nsc.backend.jvm.GenASM.javaFlags(Lscala/reflect/internal/Symbols$Symbol;)I @ 53
Event: 340.806 Thread 0x000000000cf6b000 Uncommon trap: reason=class_check action=maybe_recompile pc=0x0000000003d735fc method=scala.tools.nsc.backend.jvm.GenASM$JBuilder.innerClassSymbolFor(Lscala/reflect/internal/Symbols$Symbol;)Lscala/reflect/internal/Symbols$Symbol; @ 19
Event: 340.812 Thread 0x000000000cf6b000 Uncommon trap: reason=class_check action=maybe_recompile pc=0x00000000030a5b9c method=scala.tools.nsc.backend.jvm.GenASM$JBuilder.innerClassSymbolFor(Lscala/reflect/internal/Symbols$Symbol;)Lscala/reflect/internal/Symbols$Symbol; @ 19
Event: 340.870 Thread 0x000000000cf6b000 Uncommon trap: reason=class_check action=maybe_recompile pc=0x0000000003de5028 method=scala.tools.nsc.backend.jvm.GenASM$JPlainBuilder.genCallMethod$1(Lscala/tools/nsc/backend/icode/Opcodes$opcodes$CALL_METHOD;Lscala/runtime/BooleanRef;)V @ 24
Event: 340.870 Thread 0x000000000cf6b000 Uncommon trap: reason=bimorphic action=maybe_recompile pc=0x0000000003e0616c method=scala.reflect.internal.Symbols$Symbol.simpleName()Lscala/reflect/internal/Names$Name; @ 1
Event: 340.870 Thread 0x000000000cf6b000 Uncommon trap: reason=class_check action=maybe_recompile pc=0x0000000003e0cc54 method=scala.tools.nsc.backend.jvm.GenASM$JBuilder.javaType(Lscala/reflect/internal/Symbols$Symbol;)Lscala/tools/asm/Type; @ 8

Internal exceptions (10 events):
Event: 327.912 Thread 0x000000000cf6b000 Threw 0x00000000f423c220 at C:\re\jdk7u76\1941\hotspot\src\share\vm\prims\jvm.cpp:1304
Event: 327.912 Thread 0x000000000cf6b000 Threw 0x00000000f423f718 at C:\re\jdk7u76\1941\hotspot\src\share\vm\prims\jvm.cpp:1304
Event: 327.913 Thread 0x000000000cf6b000 Threw 0x00000000f4243298 at C:\re\jdk7u76\1941\hotspot\src\share\vm\prims\jvm.cpp:1304
Event: 327.955 Thread 0x000000000cf6b000 Threw 0x00000000f42e58a0 at C:\re\jdk7u76\1941\hotspot\src\share\vm\prims\jvm.cpp:1304
Event: 328.074 Thread 0x000000000cf6b000 Threw 0x00000000f46c0528 at C:\re\jdk7u76\1941\hotspot\src\share\vm\prims\jvm.cpp:1304
Event: 328.075 Thread 0x000000000cf6b000 Threw 0x00000000f46c3fd8 at C:\re\jdk7u76\1941\hotspot\src\share\vm\prims\jvm.cpp:1304
Event: 328.218 Thread 0x000000000cf6b000 Threw 0x00000000f500add8 at C:\re\jdk7u76\1941\hotspot\src\share\vm\prims\jvm.cpp:1304
Event: 338.045 Thread 0x000000000cf6b000 Threw 0x00000000f41531d0 at C:\re\jdk7u76\1941\hotspot\src\share\vm\prims\jvm.cpp:1304
Event: 338.045 Thread 0x000000000cf6b000 Threw 0x00000000f4156d10 at C:\re\jdk7u76\1941\hotspot\src\share\vm\prims\jvm.cpp:1304
Event: 340.771 Thread 0x000000000cf6b000 Threw 0x00000000f69ac7d0 at C:\re\jdk7u76\1941\hotspot\src\share\vm\prims\jvm.cpp:1304

Events (10 events):
Event: 340.812 Thread 0x000000000cf6b000 DEOPT UNPACKING pc=0x00000000024c75a4 sp=0x000000000da3cad8 mode 2
Event: 340.870 Thread 0x000000000cf6b000 Uncommon trap: trap_request=0xffffffde fr.pc=0x0000000003de5028
Event: 340.870 Thread 0x000000000cf6b000 DEOPT PACKING pc=0x0000000003de5028 sp=0x000000000da3ca60
Event: 340.870 Thread 0x000000000cf6b000 DEOPT UNPACKING pc=0x00000000024c75a4 sp=0x000000000da3ca00 mode 2
Event: 340.870 Thread 0x000000000cf6b000 Uncommon trap: trap_request=0xffffffc6 fr.pc=0x0000000003e0616c
Event: 340.870 Thread 0x000000000cf6b000 DEOPT PACKING pc=0x0000000003e0616c sp=0x000000000da3c890
Event: 340.870 Thread 0x000000000cf6b000 DEOPT UNPACKING pc=0x00000000024c75a4 sp=0x000000000da3c738 mode 2
Event: 340.870 Thread 0x000000000cf6b000 Uncommon trap: trap_request=0xffffffde fr.pc=0x0000000003e0cc54
Event: 340.870 Thread 0x000000000cf6b000 DEOPT PACKING pc=0x0000000003e0cc54 sp=0x000000000da3c9a0
Event: 340.870 Thread 0x000000000cf6b000 DEOPT UNPACKING pc=0x00000000024c75a4 sp=0x000000000da3c990 mode 2


Dynamic libraries:
0x000000013ff80000 - 0x000000013ffb3000 	C:\Program Files\Java\jre7\bin\java.exe
0x0000000077c10000 - 0x0000000077db9000 	C:\Windows\SYSTEM32\ntdll.dll
0x0000000077af0000 - 0x0000000077c0f000 	C:\Windows\system32\kernel32.dll
0x000007fefdd10000 - 0x000007fefdd7b000 	C:\Windows\system32\KERNELBASE.dll
0x000007fefe020000 - 0x000007fefe0fb000 	C:\Windows\system32\ADVAPI32.dll
0x000007fefde70000 - 0x000007fefdf0f000 	C:\Windows\system32\msvcrt.dll
0x000007fefe7b0000 - 0x000007fefe7cf000 	C:\Windows\SYSTEM32\sechost.dll
0x000007fefe960000 - 0x000007fefea8d000 	C:\Windows\system32\RPCRT4.dll
0x00000000779f0000 - 0x0000000077aea000 	C:\Windows\system32\USER32.dll
0x000007fefdf10000 - 0x000007fefdf77000 	C:\Windows\system32\GDI32.dll
0x000007fefdf90000 - 0x000007fefdf9e000 	C:\Windows\system32\LPK.dll
0x000007fefe3c0000 - 0x000007fefe489000 	C:\Windows\system32\USP10.dll
0x000007fefcc70000 - 0x000007fefce64000 	C:\Windows\WinSxS\amd64_microsoft.windows.common-controls_6595b64144ccf1df_6.0.7601.17514_none_fa396087175ac9ac\COMCTL32.dll
0x000007fefe100000 - 0x000007fefe171000 	C:\Windows\system32\SHLWAPI.dll
0x000007fefdfa0000 - 0x000007fefdfce000 	C:\Windows\system32\IMM32.DLL
0x000007fefe830000 - 0x000007fefe939000 	C:\Windows\system32\MSCTF.dll
0x0000000063af0000 - 0x0000000063bc2000 	C:\Program Files\Java\jre7\bin\msvcr100.dll
0x000000005f8f0000 - 0x00000000600c5000 	C:\Program Files\Java\jre7\bin\server\jvm.dll
0x000007fef7e50000 - 0x000007fef7e59000 	C:\Windows\system32\WSOCK32.dll
0x000007fefdfd0000 - 0x000007fefe01d000 	C:\Windows\system32\WS2_32.dll
0x000007fefdf80000 - 0x000007fefdf88000 	C:\Windows\system32\NSI.dll
0x000007fefa270000 - 0x000007fefa2ab000 	C:\Windows\system32\WINMM.dll
0x0000000077de0000 - 0x0000000077de7000 	C:\Windows\system32\PSAPI.DLL
0x0000000063c90000 - 0x0000000063c9f000 	C:\Program Files\Java\jre7\bin\verify.dll
0x0000000063c60000 - 0x0000000063c88000 	C:\Program Files\Java\jre7\bin\java.dll
0x0000000063c40000 - 0x0000000063c55000 	C:\Program Files\Java\jre7\bin\zip.dll
0x0000000063ad0000 - 0x0000000063aea000 	C:\Program Files\Java\jre7\bin\net.dll
0x000007fefd230000 - 0x000007fefd285000 	C:\Windows\system32\mswsock.dll
0x000007fefd220000 - 0x000007fefd227000 	C:\Windows\System32\wship6.dll
0x0000000063ab0000 - 0x0000000063ac1000 	C:\Program Files\Java\jre7\bin\nio.dll
0x000007fefd290000 - 0x000007fefd2a7000 	C:\Windows\system32\CRYPTSP.dll
0x000007fefcf90000 - 0x000007fefcfd7000 	C:\Windows\system32\rsaenh.dll
0x000007fefc670000 - 0x000007fefc68e000 	C:\Windows\system32\USERENV.dll
0x000007fefd9c0000 - 0x000007fefd9cf000 	C:\Windows\system32\profapi.dll
0x000007fefd8f0000 - 0x000007fefd8ff000 	C:\Windows\system32\CRYPTBASE.dll
0x000007fefb810000 - 0x000007fefb837000 	C:\Windows\system32\IPHLPAPI.DLL
0x000007fefb800000 - 0x000007fefb80b000 	C:\Windows\system32\WINNSI.DLL
0x000007fefb610000 - 0x000007fefb628000 	C:\Windows\system32\dhcpcsvc.DLL
0x000007fefb5f0000 - 0x000007fefb601000 	C:\Windows\system32\dhcpcsvc6.DLL
0x000007fef8ab0000 - 0x000007fef8aba000 	C:\Users\lenovo\AppData\Local\Temp\jansi-64-1-3495582917318907626.11
0x0000000063aa0000 - 0x0000000063aab000 	C:\Program Files\Java\jre7\bin\management.dll
0x000007fefbd60000 - 0x000007fefbd75000 	C:\Windows\system32\NLAapi.dll
0x000007feed670000 - 0x000007feed685000 	C:\Windows\system32\napinsp.dll
0x000007feed650000 - 0x000007feed669000 	C:\Windows\system32\pnrpnsp.dll
0x000007fefd0b0000 - 0x000007fefd10b000 	C:\Windows\system32\DNSAPI.dll
0x000007feed640000 - 0x000007feed64b000 	C:\Windows\System32\winrnr.dll
0x000007feed630000 - 0x000007feed640000 	C:\Windows\system32\wshbth.dll
0x0000000067820000 - 0x0000000067846000 	C:\Program Files\Bonjour\mdnsNSP.dll
0x000007fefc550000 - 0x000007fefc557000 	C:\Windows\System32\wshtcpip.dll
0x000007fef0eb0000 - 0x000007fef0eb8000 	C:\Windows\system32\rasadhlp.dll
0x000007fefb690000 - 0x000007fefb6e3000 	C:\Windows\System32\fwpuclnt.dll
0x000007feee420000 - 0x000007feee545000 	C:\Windows\system32\dbghelp.dll

VM Arguments:
jvm_args: -Xms256m -Xmx1024m -XX:PermSize=64m -XX:MaxPermSize=256m 
java_command: C:\Users\lenovo\Favorites\.sbt\launchers\sbt-launch-d860ad03ff560e356a62666e385c2c121ea308c5.jar @load:file:/C:/Users/lenovo/AppData/Local/Temp/sbtlaunch7719128618488602597config
Launcher Type: SUN_STANDARD

Environment Variables:
PATH=C:\Windows\SYSTEM32;C:\Windows;C:\Windows\SYSTEM32\WBEM;C:\Windows\SYSTEM32\WINDOWSPOWERSHELL\V1.0\;C:\PROGRAM FILES (X86)\LENOVO\ACCESS CONNECTIONS\;C:\PROGRAM FILES (X86)\INTEL\OPENCL SDK\2.0\BIN\X86;C:\PROGRAM FILES (X86)\INTEL\OPENCL SDK\2.0\BIN\X64;C:\PROGRAM FILES (X86)\MICROSOFT ASP.NET\ASP.NET WEB PAGES\V1.0\;C:\PROGRAM FILES\MICROSOFT SQL SERVER\110\TOOLS\BINN\;C:\PROGRAM FILES (X86)\MICROSOFT SQL SERVER\110\TOOLS\BINN\;C:\PROGRAM FILES\MICROSOFT SQL SERVER\110\DTS\BINN\;C:\PROGRAM FILES (X86)\MICROSOFT SQL SERVER\110\TOOLS\BINN\MANAGEMENTSTUDIO\;C:\PROGRAM FILES (X86)\MICROSOFT SQL SERVER\110\DTS\BINN\;C:\PROGRAM FILES\TORTOISESVN\BIN;C:\PROGRAM FILES\MICROSOFT\WEB PLATFORM INSTALLER\;C:\Program Files\ThinkPad\Bluetooth Software\;C:\Program Files\ThinkPad\Bluetooth Software\syswow64;C:\Program Files (x86)\Intel\OpenCL SDK\2.0\bin\x86;C:\Program Files (x86)\Intel\OpenCL SDK\2.0\bin\x64;C:\Program Files\nodejs\;C:\Program Files (x86)\Windows Kits\8.1\Windows Performance Toolkit\;C:\Program Files (x86)\Microsoft SDKs\TypeScript\1.0\;C:\Program Files\Microsoft SQL Server\120\Tools\Binn\;C:\Program Files\Intel\WiFi\bin\;C:\Program Files\Common Files\Intel\WirelessCommon\;C:\Program Files (x86)\Intel\Services\IPT\;C:\Program Files (x86)\Git\cmd;C:\java\play-2.2.6;C:\Program Files\Java\jdk1.7.0_76\bin;C:\java\activator-1.3.2;C:\Program Files (x86)\Microsoft Visual Studio 11.0\VC\bin;C:\Users\lenovo\AppData\Roaming\npm;C:\Program Files\Intel\WiFi\bin\;C:\Program Files\Common Files\Intel\WirelessCommon\
USERNAME=lenovo
OS=Windows_NT
PROCESSOR_IDENTIFIER=Intel64 Family 6 Model 42 Stepping 7, GenuineIntel



---------------  S Y S T E M  ---------------

OS: Windows 7 , 64 bit Build 7601 Service Pack 1

CPU:total 4 (2 cores per cpu, 2 threads per core) family 6 model 42 stepping 7, cmov, cx8, fxsr, mmx, sse, sse2, sse3, ssse3, sse4.1, sse4.2, popcnt, avx, aes, ht, tsc, tscinvbit

Memory: 4k page, physical 16657648k(9499648k free), swap 33313432k(24426004k free)

vm_info: Java HotSpot(TM) 64-Bit Server VM (24.76-b04) for windows-amd64 JRE (1.7.0_76-b13), built on Dec 18 2014 16:31:25 by "java_re" with unknown MS VC++:1600

time: Sat Jun 20 18:36:44 2015
elapsed time: 340 seconds

